[debug] [2018-12-05T03:05:42.624Z] ----------------------------------------------------------------------
[debug] [2018-12-05T03:05:42.625Z] Command:       C:\Program Files\nodejs\node.exe C:\Users\windows 7\AppData\Roaming\npm\node_modules\firebase-tools\lib\bin\firebase.js deploy
[debug] [2018-12-05T03:05:42.625Z] CLI Version:   6.1.2
[debug] [2018-12-05T03:05:42.625Z] Platform:      win32
[debug] [2018-12-05T03:05:42.625Z] Node Version:  v8.12.0
[debug] [2018-12-05T03:05:42.626Z] Time:          Wed Dec 05 2018 11:05:42 GMT+0800 (中国标准时间)
[debug] [2018-12-05T03:05:42.626Z] ----------------------------------------------------------------------
[debug] 
[debug] [2018-12-05T03:05:42.633Z] > command requires scopes: ["email","openid","https://www.googleapis.com/auth/cloudplatformprojects.readonly","https://www.googleapis.com/auth/firebase","https://www.googleapis.com/auth/cloud-platform"]
[debug] [2018-12-05T03:05:42.633Z] > authorizing via signed-in user
[debug] [2018-12-05T03:05:42.633Z] [iam] checking project hg6668app for permissions ["firebase.projects.get","firebasehosting.sites.update"]
[debug] [2018-12-05T03:05:42.634Z] >>> HTTP REQUEST POST https://cloudresourcemanager.googleapis.com/v1/projects/hg6668app:testIamPermissions  

[debug] [2018-12-05T03:05:43.727Z] <<< HTTP RESPONSE 200
[debug] [2018-12-05T03:05:43.728Z] >>> HTTP REQUEST GET https://firebase.googleapis.com/v1beta1/projects/hg6668app  
 
[debug] [2018-12-05T03:05:44.453Z] <<< HTTP RESPONSE 200
[info] 
[info] === Deploying to 'hg6668app'...
[info] 
[info] i  deploying hosting
[debug] [2018-12-05T03:05:44.458Z] >>> HTTP REQUEST POST https://firebasehosting.googleapis.com/v1beta1/sites/hg6668app/versions  

[debug] [2018-12-05T03:05:46.178Z] <<< HTTP RESPONSE 200
[info] i  hosting[hg6668app]: beginning deploy...
[info] i  hosting[hg6668app]: found 209 files in distribute2
[debug] [2018-12-05T03:05:46.244Z] [hosting] hash cache [ZGlzdHJpYnV0ZTI] load error: lines is not defined
[debug] [2018-12-05T03:05:50.677Z] [hosting] hash cache [ZGlzdHJpYnV0ZTI] stored for 209 files
[debug] [2018-12-05T03:05:50.677Z] [hosting][hash queue][FINAL]
[debug] [2018-12-05T03:05:50.677Z] >>> HTTP REQUEST POST https://firebasehosting.googleapis.com/v1beta1/sites/hg6668app/versions/451d04c177ca06d8:populateFiles  
 <request body omitted>
[debug] [2018-12-05T03:05:53.960Z] <<< HTTP RESPONSE 200
[debug] [2018-12-05T03:05:53.963Z] [hosting][populate queue][FINAL]
[debug] [2018-12-05T03:05:53.963Z] [hosting] uploads queued: 11
